# JRE version: Java(TM) SE Runtime Environment (8.0_333-b02) (build 1.8.0_333-b02)
# Java VM: Java HotSpot(TM) 64-Bit Server VM (25.333-b02 mixed mode windows-amd64 compressed oops)
Heap:
 PSYoungGen      total 37888K, used 5561K [0x00000000d6800000, 0x00000000db200000, 0x0000000100000000)
  eden space 32768K, 16% used [0x00000000d6800000,0x00000000d6d6e710,0x00000000d8800000)
  from space 5120K, 0% used [0x00000000d8800000,0x00000000d8800000,0x00000000d8d00000)
  to   space 5120K, 0% used [0x00000000dad00000,0x00000000dad00000,0x00000000db200000)
 ParOldGen       total 62976K, used 10196K [0x0000000083800000, 0x0000000087580000, 0x00000000d6800000)
  object space 62976K, 16% used [0x0000000083800000,0x00000000841f5308,0x0000000087580000)
 Metaspace       used 20627K, capacity 21558K, committed 21632K, reserved 1069056K
  class space    used 2661K, capacity 2915K, committed 2944K, reserved 1048576K
GC Heap History (8 events):
Event: 1.612 GC heap before
{Heap before GC invocations=1 (full 0):
 PSYoungGen      total 37888K, used 32768K [0x00000000d6800000, 0x00000000d9200000, 0x0000000100000000)
  eden space 32768K, 100% used [0x00000000d6800000,0x00000000d8800000,0x00000000d8800000)
  from space 5120K, 0% used [0x00000000d8d00000,0x00000000d8d00000,0x00000000d9200000)
  to   space 5120K, 0% used [0x00000000d8800000,0x00000000d8800000,0x00000000d8d00000)
 ParOldGen       total 86016K, used 0K [0x0000000083800000, 0x0000000088c00000, 0x00000000d6800000)
  object space 86016K, 0% used [0x0000000083800000,0x0000000083800000,0x0000000088c00000)
 Metaspace       used 11288K, capacity 11542K, committed 11776K, reserved 1058816K
  class space    used 1345K, capacity 1455K, committed 1536K, reserved 1048576K
Event: 1.622 GC heap after
Heap after GC invocations=1 (full 0):
 PSYoungGen      total 37888K, used 5111K [0x00000000d6800000, 0x00000000d9200000, 0x0000000100000000)
  eden space 32768K, 0% used [0x00000000d6800000,0x00000000d6800000,0x00000000d8800000)
  from space 5120K, 99% used [0x00000000d8800000,0x00000000d8cfdd30,0x00000000d8d00000)
  to   space 5120K, 0% used [0x00000000d8d00000,0x00000000d8d00000,0x00000000d9200000)
 ParOldGen       total 86016K, used 1418K [0x0000000083800000, 0x0000000088c00000, 0x00000000d6800000)
  object space 86016K, 1% used [0x0000000083800000,0x0000000083962b20,0x0000000088c00000)
 Metaspace       used 11288K, capacity 11542K, committed 11776K, reserved 1058816K
  class space    used 1345K, capacity 1455K, committed 1536K, reserved 1048576K
}
Event: 4.148 GC heap before
{Heap before GC invocations=2 (full 0):
 PSYoungGen      total 37888K, used 37879K [0x00000000d6800000, 0x00000000d9200000, 0x0000000100000000)
  eden space 32768K, 100% used [0x00000000d6800000,0x00000000d8800000,0x00000000d8800000)
  from space 5120K, 99% used [0x00000000d8800000,0x00000000d8cfdd30,0x00000000d8d00000)
  to   space 5120K, 0% used [0x00000000d8d00000,0x00000000d8d00000,0x00000000d9200000)
 ParOldGen       total 86016K, used 1418K [0x0000000083800000, 0x0000000088c00000, 0x00000000d6800000)
  object space 86016K, 1% used [0x0000000083800000,0x0000000083962b20,0x0000000088c00000)
 Metaspace       used 19126K, capacity 19932K, committed 20224K, reserved 1067008K
  class space    used 2475K, capacity 2698K, committed 2816K, reserved 1048576K
Event: 4.157 GC heap after
Heap after GC invocations=2 (full 0):
 PSYoungGen      total 37888K, used 5088K [0x00000000d6800000, 0x00000000d9200000, 0x0000000100000000)
  eden space 32768K, 0% used [0x00000000d6800000,0x00000000d6800000,0x00000000d8800000)
  from space 5120K, 99% used [0x00000000d8d00000,0x00000000d91f8060,0x00000000d9200000)
  to   space 5120K, 0% used [0x00000000d8800000,0x00000000d8800000,0x00000000d8d00000)
 ParOldGen       total 86016K, used 9567K [0x0000000083800000, 0x0000000088c00000, 0x00000000d6800000)
  object space 86016K, 11% used [0x0000000083800000,0x0000000084157c90,0x0000000088c00000)
 Metaspace       used 19126K, capacity 19932K, committed 20224K, reserved 1067008K
  class space    used 2475K, capacity 2698K, committed 2816K, reserved 1048576K
}
Event: 4.296 GC heap before
{Heap before GC invocations=3 (full 0):
 PSYoungGen      total 37888K, used 10972K [0x00000000d6800000, 0x00000000d9200000, 0x0000000100000000)
  eden space 32768K, 17% used [0x00000000d6800000,0x00000000d6dbf118,0x00000000d8800000)
  from space 5120K, 99% used [0x00000000d8d00000,0x00000000d91f8060,0x00000000d9200000)
  to   space 5120K, 0% used [0x00000000d8800000,0x00000000d8800000,0x00000000d8d00000)
 ParOldGen       total 86016K, used 9567K [0x0000000083800000, 0x0000000088c00000, 0x00000000d6800000)
  object space 86016K, 11% used [0x0000000083800000,0x0000000084157c90,0x0000000088c00000)
 Metaspace       used 20281K, capacity 21188K, committed 21296K, reserved 1067008K
  class space    used 2631K, capacity 2878K, committed 2944K, reserved 1048576K
Event: 4.301 GC heap after
Heap after GC invocations=3 (full 0):
 PSYoungGen      total 37888K, used 5088K [0x00000000d6800000, 0x00000000db200000, 0x0000000100000000)
  eden space 32768K, 0% used [0x00000000d6800000,0x00000000d6800000,0x00000000d8800000)
  from space 5120K, 99% used [0x00000000d8800000,0x00000000d8cf8040,0x00000000d8d00000)
  to   space 5120K, 0% used [0x00000000dad00000,0x00000000dad00000,0x00000000db200000)
 ParOldGen       total 86016K, used 10813K [0x0000000083800000, 0x0000000088c00000, 0x00000000d6800000)
  object space 86016K, 12% used [0x0000000083800000,0x000000008428f4b8,0x0000000088c00000)
 Metaspace       used 20281K, capacity 21188K, committed 21296K, reserved 1067008K
  class space    used 2631K, capacity 2878K, committed 2944K, reserved 1048576K
}
Event: 4.301 GC heap before
{Heap before GC invocations=4 (full 1):
 PSYoungGen      total 37888K, used 5088K [0x00000000d6800000, 0x00000000db200000, 0x0000000100000000)
  eden space 32768K, 0% used [0x00000000d6800000,0x00000000d6800000,0x00000000d8800000)
  from space 5120K, 99% used [0x00000000d8800000,0x00000000d8cf8040,0x00000000d8d00000)
  to   space 5120K, 0% used [0x00000000dad00000,0x00000000dad00000,0x00000000db200000)
 ParOldGen       total 86016K, used 10813K [0x0000000083800000, 0x0000000088c00000, 0x00000000d6800000)
  object space 86016K, 12% used [0x0000000083800000,0x000000008428f4b8,0x0000000088c00000)
 Metaspace       used 20281K, capacity 21188K, committed 21296K, reserved 1067008K
  class space    used 2631K, capacity 2878K, committed 2944K, reserved 1048576K
Event: 4.329 GC heap after
Heap after GC invocations=4 (full 1):
 PSYoungGen      total 37888K, used 0K [0x00000000d6800000, 0x00000000db200000, 0x0000000100000000)
  eden space 32768K, 0% used [0x00000000d6800000,0x00000000d6800000,0x00000000d8800000)
  from space 5120K, 0% used [0x00000000d8800000,0x00000000d8800000,0x00000000d8d00000)
  to   space 5120K, 0% used [0x00000000dad00000,0x00000000dad00000,0x00000000db200000)
 ParOldGen       total 62976K, used 10196K [0x0000000083800000, 0x0000000087580000, 0x00000000d6800000)
  object space 62976K, 16% used [0x0000000083800000,0x00000000841f5308,0x0000000087580000)
 Metaspace       used 20281K, capacity 21188K, committed 21296K, reserved 1067008K
  class space    used 2631K, capacity 2878K, committed 2944K, reserved 1048576K
}

